TN:
SF:D:\vecto\test.js
FNF:0
FNH:0
DA:1,1
DA:3,1
DA:4,1
DA:6,1
DA:7,1
DA:8,1
DA:9,1
DA:10,1
DA:11,1
DA:12,1
DA:14,1
DA:15,1
DA:16,1
DA:17,1
DA:19,1
DA:20,1
DA:21,1
DA:22,1
LF:18
LH:18
BRF:0
BRH:0
end_of_record
TN:
SF:D:\vecto\vecto.js
FN:7,(anonymous_1)
FN:18,(anonymous_2)
FN:23,(anonymous_3)
FN:38,(anonymous_4)
FN:55,(anonymous_5)
FN:68,(anonymous_6)
FN:115,(anonymous_7)
FN:119,(anonymous_8)
FN:131,(anonymous_9)
FN:141,(anonymous_10)
FN:170,(anonymous_11)
FN:185,(anonymous_12)
FN:195,(anonymous_13)
FN:214,product
FN:279,sum
FNF:15
FNH:12
FNDA:5,(anonymous_1)
FNDA:1,(anonymous_2)
FNDA:2,(anonymous_3)
FNDA:1,(anonymous_4)
FNDA:27,(anonymous_5)
FNDA:16,(anonymous_6)
FNDA:7,(anonymous_7)
FNDA:2,(anonymous_8)
FNDA:8,(anonymous_9)
FNDA:4,(anonymous_10)
FNDA:1,(anonymous_11)
FNDA:1,(anonymous_12)
FNDA:0,(anonymous_13)
FNDA:0,product
FNDA:0,sum
DA:8,5
DA:9,5
DA:10,5
DA:11,5
DA:12,5
DA:13,5
DA:19,1
DA:24,2
DA:25,2
DA:26,2
DA:27,1
DA:28,1
DA:29,2
DA:31,1
DA:33,2
DA:39,1
DA:40,1
DA:41,1
DA:42,6
DA:44,1
DA:45,1
DA:46,1
DA:49,0
DA:56,27
DA:57,75
DA:58,18
DA:61,57
DA:69,16
DA:70,16
DA:71,16
DA:72,1
DA:73,6
DA:77,15
DA:78,15
DA:79,13
DA:80,13
DA:81,37
DA:82,37
DA:83,13
DA:88,2
DA:89,5
DA:94,0
DA:97,0
DA:98,0
DA:99,0
DA:100,0
DA:105,16
DA:116,7
DA:120,2
DA:121,2
DA:122,2
DA:123,2
DA:124,2
DA:125,2
DA:127,2
DA:132,8
DA:133,8
DA:134,14
DA:136,8
DA:142,4
DA:145,4
DA:146,4
DA:147,3
DA:149,4
DA:150,14
DA:151,13
DA:152,13
DA:153,37
DA:154,37
DA:155,6
DA:158,13
DA:161,1
DA:164,4
DA:165,4
DA:166,4
DA:171,1
DA:173,1
DA:174,1
DA:175,1
DA:176,1
DA:177,1
DA:180,0
DA:186,1
DA:187,1
DA:188,1
DA:189,1
DA:190,1
DA:191,1
DA:214,1
DA:215,0
DA:216,0
DA:217,0
DA:220,0
DA:221,0
DA:222,0
DA:223,0
DA:226,0
DA:230,0
DA:231,0
DA:234,0
DA:235,0
DA:236,0
DA:237,0
DA:241,0
DA:242,0
DA:243,0
DA:244,0
DA:248,0
DA:253,0
DA:254,0
DA:255,0
DA:256,0
DA:260,0
DA:264,0
DA:265,0
DA:266,0
DA:270,0
DA:276,0
DA:279,1
DA:280,0
DA:281,0
DA:282,0
DA:285,0
DA:286,0
DA:287,0
DA:288,0
DA:290,0
DA:293,0
DA:294,0
DA:295,0
DA:297,0
DA:300,0
DA:301,0
DA:302,0
DA:303,0
DA:306,0
DA:307,0
DA:310,0
DA:311,0
DA:312,0
DA:313,0
DA:314,0
DA:318,0
DA:319,0
DA:325,0
DA:329,1
LF:146
LH:84
BRDA:9,1,0,4
BRDA:9,1,1,1
BRDA:25,2,0,1
BRDA:25,2,1,1
BRDA:39,3,0,1
BRDA:39,3,1,0
BRDA:57,4,0,18
BRDA:57,4,1,57
BRDA:71,5,0,1
BRDA:71,5,1,15
BRDA:71,6,0,16
BRDA:71,6,1,16
BRDA:77,7,0,15
BRDA:77,7,1,0
BRDA:78,8,0,13
BRDA:78,8,1,2
BRDA:82,9,0,13
BRDA:82,9,1,24
BRDA:99,10,0,0
BRDA:99,10,1,0
BRDA:146,11,0,3
BRDA:146,11,1,1
BRDA:150,12,0,13
BRDA:150,12,1,1
BRDA:154,13,0,6
BRDA:154,13,1,31
BRDA:171,14,0,1
BRDA:171,14,1,0
BRDA:216,15,0,0
BRDA:216,15,1,0
BRDA:216,16,0,0
BRDA:216,16,1,0
BRDA:220,17,0,0
BRDA:220,17,1,0
BRDA:220,18,0,0
BRDA:220,18,1,0
BRDA:222,19,0,0
BRDA:222,19,1,0
BRDA:230,20,0,0
BRDA:230,20,1,0
BRDA:230,21,0,0
BRDA:230,21,1,0
BRDA:234,22,0,0
BRDA:234,22,1,0
BRDA:234,23,0,0
BRDA:234,23,1,0
BRDA:235,24,0,0
BRDA:235,24,1,0
BRDA:241,25,0,0
BRDA:241,25,1,0
BRDA:253,26,0,0
BRDA:253,26,1,0
BRDA:253,27,0,0
BRDA:253,27,1,0
BRDA:254,28,0,0
BRDA:254,28,1,0
BRDA:264,29,0,0
BRDA:264,29,1,0
BRDA:281,30,0,0
BRDA:281,30,1,0
BRDA:281,31,0,0
BRDA:281,31,1,0
BRDA:285,32,0,0
BRDA:285,32,1,0
BRDA:286,33,0,0
BRDA:286,33,1,0
BRDA:300,34,0,0
BRDA:300,34,1,0
BRDA:300,35,0,0
BRDA:300,35,1,0
BRDA:306,36,0,0
BRDA:306,36,1,0
BRDA:306,37,0,0
BRDA:306,37,1,0
BRDA:310,38,0,0
BRDA:310,38,1,0
BRDA:312,39,0,0
BRDA:312,39,1,0
BRDA:312,40,0,0
BRDA:312,40,1,0
BRF:80
BRH:23
end_of_record
