{"D:\\vecto\\test.js":{"path":"D:\\vecto\\test.js","s":{"1":1,"2":1,"3":1,"4":1,"5":1,"6":1,"7":1,"8":1,"9":1,"10":1,"11":1,"12":1,"13":1,"14":1,"15":1,"16":1,"17":1,"18":1},"b":{},"f":{},"fnMap":{},"statementMap":{"1":{"start":{"line":1,"column":0},"end":{"line":1,"column":50}},"2":{"start":{"line":3,"column":0},"end":{"line":3,"column":27}},"3":{"start":{"line":4,"column":0},"end":{"line":4,"column":15}},"4":{"start":{"line":6,"column":0},"end":{"line":6,"column":30}},"5":{"start":{"line":7,"column":0},"end":{"line":7,"column":16}},"6":{"start":{"line":8,"column":0},"end":{"line":8,"column":21}},"7":{"start":{"line":9,"column":0},"end":{"line":9,"column":25}},"8":{"start":{"line":10,"column":0},"end":{"line":10,"column":13}},"9":{"start":{"line":11,"column":0},"end":{"line":11,"column":27}},"10":{"start":{"line":12,"column":0},"end":{"line":12,"column":16}},"11":{"start":{"line":14,"column":0},"end":{"line":14,"column":41}},"12":{"start":{"line":15,"column":0},"end":{"line":15,"column":37}},"13":{"start":{"line":16,"column":0},"end":{"line":16,"column":36}},"14":{"start":{"line":17,"column":0},"end":{"line":17,"column":16}},"15":{"start":{"line":19,"column":0},"end":{"line":19,"column":18}},"16":{"start":{"line":20,"column":0},"end":{"line":20,"column":16}},"17":{"start":{"line":21,"column":0},"end":{"line":21,"column":17}},"18":{"start":{"line":22,"column":0},"end":{"line":22,"column":16}}},"branchMap":{}},"D:\\vecto\\vecto.js":{"path":"D:\\vecto\\vecto.js","s":{"1":5,"2":5,"3":5,"4":5,"5":5,"6":5,"7":1,"8":2,"9":2,"10":2,"11":1,"12":1,"13":2,"14":1,"15":2,"16":1,"17":1,"18":1,"19":6,"20":1,"21":1,"22":1,"23":0,"24":27,"25":75,"26":18,"27":57,"28":16,"29":16,"30":16,"31":1,"32":6,"33":15,"34":15,"35":13,"36":13,"37":37,"38":37,"39":13,"40":2,"41":5,"42":0,"43":0,"44":0,"45":0,"46":0,"47":16,"48":7,"49":2,"50":2,"51":2,"52":2,"53":2,"54":2,"55":2,"56":8,"57":8,"58":14,"59":8,"60":4,"61":4,"62":4,"63":3,"64":4,"65":14,"66":13,"67":13,"68":37,"69":37,"70":6,"71":13,"72":1,"73":4,"74":4,"75":4,"76":1,"77":1,"78":1,"79":1,"80":1,"81":1,"82":0,"83":1,"84":1,"85":1,"86":1,"87":1,"88":1,"89":1,"90":0,"91":0,"92":0,"93":0,"94":0,"95":0,"96":0,"97":0,"98":0,"99":0,"100":0,"101":0,"102":0,"103":0,"104":0,"105":0,"106":0,"107":0,"108":0,"109":0,"110":0,"111":0,"112":0,"113":0,"114":0,"115":0,"116":0,"117":0,"118":0,"119":1,"120":0,"121":0,"122":0,"123":0,"124":0,"125":0,"126":0,"127":0,"128":0,"129":0,"130":0,"131":0,"132":0,"133":0,"134":0,"135":0,"136":0,"137":0,"138":0,"139":0,"140":0,"141":0,"142":0,"143":0,"144":0,"145":0,"146":1},"b":{"1":[4,1],"2":[1,1],"3":[1,0],"4":[18,57],"5":[1,15],"6":[16,16],"7":[15,0],"8":[13,2],"9":[13,24],"10":[0,0],"11":[3,1],"12":[13,1],"13":[6,31],"14":[1,0],"15":[0,0],"16":[0,0],"17":[0,0],"18":[0,0],"19":[0,0],"20":[0,0],"21":[0,0],"22":[0,0],"23":[0,0],"24":[0,0],"25":[0,0],"26":[0,0],"27":[0,0],"28":[0,0],"29":[0,0],"30":[0,0],"31":[0,0],"32":[0,0],"33":[0,0],"34":[0,0],"35":[0,0],"36":[0,0],"37":[0,0],"38":[0,0],"39":[0,0],"40":[0,0]},"f":{"1":5,"2":1,"3":2,"4":1,"5":27,"6":16,"7":7,"8":2,"9":8,"10":4,"11":1,"12":1,"13":0,"14":0,"15":0},"fnMap":{"1":{"name":"(anonymous_1)","line":7,"loc":{"start":{"line":7,"column":12},"end":{"line":7,"column":29}}},"2":{"name":"(anonymous_2)","line":18,"loc":{"start":{"line":18,"column":13},"end":{"line":18,"column":18}}},"3":{"name":"(anonymous_3)","line":23,"loc":{"start":{"line":23,"column":14},"end":{"line":23,"column":21}}},"4":{"name":"(anonymous_4)","line":38,"loc":{"start":{"line":38,"column":13},"end":{"line":38,"column":20}}},"5":{"name":"(anonymous_5)","line":55,"loc":{"start":{"line":55,"column":15},"end":{"line":55,"column":25}}},"6":{"name":"(anonymous_6)","line":68,"loc":{"start":{"line":68,"column":14},"end":{"line":68,"column":28}}},"7":{"name":"(anonymous_7)","line":115,"loc":{"start":{"line":115,"column":9},"end":{"line":115,"column":11}}},"8":{"name":"(anonymous_8)","line":119,"loc":{"start":{"line":119,"column":11},"end":{"line":119,"column":16}}},"9":{"name":"(anonymous_9)","line":131,"loc":{"start":{"line":131,"column":10},"end":{"line":131,"column":17}}},"10":{"name":"(anonymous_10)","line":141,"loc":{"start":{"line":141,"column":8},"end":{"line":141,"column":19}}},"11":{"name":"(anonymous_11)","line":170,"loc":{"start":{"line":170,"column":8},"end":{"line":170,"column":19}}},"12":{"name":"(anonymous_12)","line":185,"loc":{"start":{"line":185,"column":7},"end":{"line":185,"column":18}}},"13":{"name":"(anonymous_13)","line":195,"loc":{"start":{"line":195,"column":10},"end":{"line":195,"column":12}}},"14":{"name":"product","line":214,"loc":{"start":{"line":214,"column":0},"end":{"line":214,"column":27}}},"15":{"name":"sum","line":279,"loc":{"start":{"line":279,"column":0},"end":{"line":279,"column":23}}}},"statementMap":{"1":{"start":{"line":8,"column":2},"end":{"line":8,"column":19}},"2":{"start":{"line":9,"column":2},"end":{"line":9,"column":74}},"3":{"start":{"line":10,"column":2},"end":{"line":10,"column":41}},"4":{"start":{"line":11,"column":2},"end":{"line":11,"column":29}},"5":{"start":{"line":12,"column":2},"end":{"line":12,"column":17}},"6":{"start":{"line":13,"column":2},"end":{"line":13,"column":39}},"7":{"start":{"line":19,"column":2},"end":{"line":19,"column":28}},"8":{"start":{"line":24,"column":2},"end":{"line":24,"column":54}},"9":{"start":{"line":25,"column":2},"end":{"line":25,"column":45}},"10":{"start":{"line":26,"column":3},"end":{"line":32,"column":4}},"11":{"start":{"line":27,"column":4},"end":{"line":27,"column":13}},"12":{"start":{"line":28,"column":4},"end":{"line":30,"column":5}},"13":{"start":{"line":29,"column":5},"end":{"line":29,"column":24}},"14":{"start":{"line":31,"column":4},"end":{"line":31,"column":19}},"15":{"start":{"line":33,"column":2},"end":{"line":33,"column":31}},"16":{"start":{"line":39,"column":4},"end":{"line":50,"column":5}},"17":{"start":{"line":40,"column":5},"end":{"line":40,"column":18}},"18":{"start":{"line":41,"column":5},"end":{"line":43,"column":6}},"19":{"start":{"line":42,"column":6},"end":{"line":42,"column":39}},"20":{"start":{"line":44,"column":5},"end":{"line":44,"column":34}},"21":{"start":{"line":45,"column":5},"end":{"line":45,"column":20}},"22":{"start":{"line":46,"column":5},"end":{"line":46,"column":14}},"23":{"start":{"line":49,"column":5},"end":{"line":49,"column":38}},"24":{"start":{"line":56,"column":2},"end":{"line":63,"column":6}},"25":{"start":{"line":57,"column":3},"end":{"line":62,"column":4}},"26":{"start":{"line":58,"column":4},"end":{"line":58,"column":25}},"27":{"start":{"line":61,"column":4},"end":{"line":61,"column":17}},"28":{"start":{"line":69,"column":2},"end":{"line":69,"column":17}},"29":{"start":{"line":70,"column":4},"end":{"line":70,"column":10}},"30":{"start":{"line":71,"column":2},"end":{"line":104,"column":3}},"31":{"start":{"line":72,"column":3},"end":{"line":74,"column":4}},"32":{"start":{"line":73,"column":4},"end":{"line":73,"column":27}},"33":{"start":{"line":77,"column":3},"end":{"line":103,"column":4}},"34":{"start":{"line":78,"column":4},"end":{"line":91,"column":5}},"35":{"start":{"line":79,"column":5},"end":{"line":79,"column":13}},"36":{"start":{"line":80,"column":5},"end":{"line":85,"column":6}},"37":{"start":{"line":81,"column":6},"end":{"line":81,"column":28}},"38":{"start":{"line":82,"column":6},"end":{"line":84,"column":7}},"39":{"start":{"line":83,"column":7},"end":{"line":83,"column":11}},"40":{"start":{"line":88,"column":5},"end":{"line":90,"column":7}},"41":{"start":{"line":89,"column":6},"end":{"line":89,"column":23}},"42":{"start":{"line":94,"column":4},"end":{"line":96,"column":18}},"43":{"start":{"line":97,"column":4},"end":{"line":102,"column":5}},"44":{"start":{"line":98,"column":5},"end":{"line":98,"column":20}},"45":{"start":{"line":99,"column":5},"end":{"line":101,"column":6}},"46":{"start":{"line":100,"column":6},"end":{"line":100,"column":16}},"47":{"start":{"line":105,"column":2},"end":{"line":105,"column":13}},"48":{"start":{"line":116,"column":2},"end":{"line":116,"column":27}},"49":{"start":{"line":120,"column":2},"end":{"line":120,"column":19}},"50":{"start":{"line":121,"column":2},"end":{"line":121,"column":25}},"51":{"start":{"line":122,"column":2},"end":{"line":122,"column":17}},"52":{"start":{"line":123,"column":2},"end":{"line":126,"column":3}},"53":{"start":{"line":124,"column":3},"end":{"line":124,"column":24}},"54":{"start":{"line":125,"column":3},"end":{"line":125,"column":12}},"55":{"start":{"line":127,"column":2},"end":{"line":127,"column":15}},"56":{"start":{"line":132,"column":2},"end":{"line":132,"column":15}},"57":{"start":{"line":133,"column":2},"end":{"line":135,"column":3}},"58":{"start":{"line":134,"column":3},"end":{"line":134,"column":13}},"59":{"start":{"line":136,"column":2},"end":{"line":136,"column":14}},"60":{"start":{"line":142,"column":2},"end":{"line":144,"column":17}},"61":{"start":{"line":145,"column":2},"end":{"line":145,"column":26}},"62":{"start":{"line":146,"column":2},"end":{"line":148,"column":3}},"63":{"start":{"line":147,"column":3},"end":{"line":147,"column":34}},"64":{"start":{"line":149,"column":2},"end":{"line":163,"column":3}},"65":{"start":{"line":150,"column":3},"end":{"line":162,"column":4}},"66":{"start":{"line":151,"column":4},"end":{"line":151,"column":18}},"67":{"start":{"line":152,"column":4},"end":{"line":157,"column":5}},"68":{"start":{"line":153,"column":5},"end":{"line":153,"column":30}},"69":{"start":{"line":154,"column":5},"end":{"line":156,"column":6}},"70":{"start":{"line":155,"column":5},"end":{"line":155,"column":9}},"71":{"start":{"line":158,"column":4},"end":{"line":158,"column":52}},"72":{"start":{"line":161,"column":4},"end":{"line":161,"column":47}},"73":{"start":{"line":164,"column":2},"end":{"line":164,"column":25}},"74":{"start":{"line":165,"column":2},"end":{"line":165,"column":17}},"75":{"start":{"line":166,"column":2},"end":{"line":166,"column":39}},"76":{"start":{"line":171,"column":2},"end":{"line":181,"column":3}},"77":{"start":{"line":173,"column":3},"end":{"line":173,"column":30}},"78":{"start":{"line":174,"column":3},"end":{"line":174,"column":26}},"79":{"start":{"line":175,"column":3},"end":{"line":175,"column":30}},"80":{"start":{"line":176,"column":3},"end":{"line":176,"column":18}},"81":{"start":{"line":177,"column":3},"end":{"line":177,"column":26}},"82":{"start":{"line":180,"column":3},"end":{"line":180,"column":62}},"83":{"start":{"line":186,"column":2},"end":{"line":186,"column":29}},"84":{"start":{"line":187,"column":2},"end":{"line":187,"column":25}},"85":{"start":{"line":188,"column":2},"end":{"line":188,"column":41}},"86":{"start":{"line":189,"column":2},"end":{"line":189,"column":29}},"87":{"start":{"line":190,"column":2},"end":{"line":190,"column":17}},"88":{"start":{"line":191,"column":2},"end":{"line":191,"column":25}},"89":{"start":{"line":214,"column":0},"end":{"line":277,"column":1}},"90":{"start":{"line":215,"column":1},"end":{"line":215,"column":17}},"91":{"start":{"line":216,"column":1},"end":{"line":275,"column":2}},"92":{"start":{"line":217,"column":2},"end":{"line":217,"column":19}},"93":{"start":{"line":220,"column":2},"end":{"line":274,"column":3}},"94":{"start":{"line":221,"column":3},"end":{"line":228,"column":6}},"95":{"start":{"line":222,"column":4},"end":{"line":227,"column":5}},"96":{"start":{"line":223,"column":5},"end":{"line":223,"column":32}},"97":{"start":{"line":226,"column":5},"end":{"line":226,"column":23}},"98":{"start":{"line":230,"column":7},"end":{"line":274,"column":3}},"99":{"start":{"line":231,"column":3},"end":{"line":231,"column":29}},"100":{"start":{"line":234,"column":3},"end":{"line":273,"column":4}},"101":{"start":{"line":235,"column":4},"end":{"line":250,"column":5}},"102":{"start":{"line":236,"column":5},"end":{"line":238,"column":7}},"103":{"start":{"line":237,"column":6},"end":{"line":237,"column":33}},"104":{"start":{"line":241,"column":5},"end":{"line":249,"column":6}},"105":{"start":{"line":242,"column":6},"end":{"line":242,"column":16}},"106":{"start":{"line":243,"column":6},"end":{"line":245,"column":8}},"107":{"start":{"line":244,"column":7},"end":{"line":244,"column":39}},"108":{"start":{"line":248,"column":6},"end":{"line":248,"column":38}},"109":{"start":{"line":253,"column":4},"end":{"line":272,"column":5}},"110":{"start":{"line":254,"column":5},"end":{"line":261,"column":6}},"111":{"start":{"line":255,"column":6},"end":{"line":257,"column":7}},"112":{"start":{"line":256,"column":7},"end":{"line":256,"column":43}},"113":{"start":{"line":260,"column":6},"end":{"line":260,"column":37}},"114":{"start":{"line":264,"column":5},"end":{"line":271,"column":6}},"115":{"start":{"line":265,"column":6},"end":{"line":267,"column":7}},"116":{"start":{"line":266,"column":7},"end":{"line":266,"column":34}},"117":{"start":{"line":270,"column":6},"end":{"line":270,"column":37}},"118":{"start":{"line":276,"column":1},"end":{"line":276,"column":13}},"119":{"start":{"line":279,"column":0},"end":{"line":326,"column":1}},"120":{"start":{"line":280,"column":1},"end":{"line":280,"column":10}},"121":{"start":{"line":281,"column":1},"end":{"line":324,"column":2}},"122":{"start":{"line":282,"column":2},"end":{"line":282,"column":19}},"123":{"start":{"line":285,"column":2},"end":{"line":299,"column":3}},"124":{"start":{"line":286,"column":3},"end":{"line":298,"column":4}},"125":{"start":{"line":287,"column":4},"end":{"line":289,"column":6}},"126":{"start":{"line":288,"column":5},"end":{"line":288,"column":19}},"127":{"start":{"line":290,"column":4},"end":{"line":290,"column":16}},"128":{"start":{"line":293,"column":4},"end":{"line":293,"column":13}},"129":{"start":{"line":294,"column":4},"end":{"line":296,"column":6}},"130":{"start":{"line":295,"column":5},"end":{"line":295,"column":15}},"131":{"start":{"line":297,"column":4},"end":{"line":297,"column":16}},"132":{"start":{"line":300,"column":2},"end":{"line":323,"column":3}},"133":{"start":{"line":301,"column":3},"end":{"line":301,"column":13}},"134":{"start":{"line":302,"column":3},"end":{"line":304,"column":6}},"135":{"start":{"line":303,"column":4},"end":{"line":303,"column":22}},"136":{"start":{"line":306,"column":7},"end":{"line":323,"column":3}},"137":{"start":{"line":307,"column":3},"end":{"line":307,"column":18}},"138":{"start":{"line":310,"column":3},"end":{"line":322,"column":4}},"139":{"start":{"line":311,"column":4},"end":{"line":311,"column":14}},"140":{"start":{"line":312,"column":4},"end":{"line":321,"column":5}},"141":{"start":{"line":313,"column":5},"end":{"line":315,"column":6}},"142":{"start":{"line":314,"column":6},"end":{"line":314,"column":38}},"143":{"start":{"line":318,"column":5},"end":{"line":320,"column":6}},"144":{"start":{"line":319,"column":6},"end":{"line":319,"column":35}},"145":{"start":{"line":325,"column":1},"end":{"line":325,"column":13}},"146":{"start":{"line":329,"column":0},"end":{"line":333,"column":2}}},"branchMap":{"1":{"line":9,"type":"cond-expr","locations":[{"start":{"line":9,"column":36},"end":{"line":9,"column":41}},{"start":{"line":9,"column":45},"end":{"line":9,"column":72}}]},"2":{"line":25,"type":"cond-expr","locations":[{"start":{"line":25,"column":31},"end":{"line":25,"column":39}},{"start":{"line":25,"column":42},"end":{"line":25,"column":44}}]},"3":{"line":39,"type":"if","locations":[{"start":{"line":39,"column":4},"end":{"line":39,"column":4}},{"start":{"line":39,"column":4},"end":{"line":39,"column":4}}]},"4":{"line":57,"type":"if","locations":[{"start":{"line":57,"column":3},"end":{"line":57,"column":3}},{"start":{"line":57,"column":3},"end":{"line":57,"column":3}}]},"5":{"line":71,"type":"if","locations":[{"start":{"line":71,"column":2},"end":{"line":71,"column":2}},{"start":{"line":71,"column":2},"end":{"line":71,"column":2}}]},"6":{"line":71,"type":"binary-expr","locations":[{"start":{"line":71,"column":5},"end":{"line":71,"column":10}},{"start":{"line":71,"column":14},"end":{"line":71,"column":31}}]},"7":{"line":77,"type":"if","locations":[{"start":{"line":77,"column":3},"end":{"line":77,"column":3}},{"start":{"line":77,"column":3},"end":{"line":77,"column":3}}]},"8":{"line":78,"type":"if","locations":[{"start":{"line":78,"column":4},"end":{"line":78,"column":4}},{"start":{"line":78,"column":4},"end":{"line":78,"column":4}}]},"9":{"line":82,"type":"if","locations":[{"start":{"line":82,"column":6},"end":{"line":82,"column":6}},{"start":{"line":82,"column":6},"end":{"line":82,"column":6}}]},"10":{"line":99,"type":"if","locations":[{"start":{"line":99,"column":5},"end":{"line":99,"column":5}},{"start":{"line":99,"column":5},"end":{"line":99,"column":5}}]},"11":{"line":146,"type":"if","locations":[{"start":{"line":146,"column":2},"end":{"line":146,"column":2}},{"start":{"line":146,"column":2},"end":{"line":146,"column":2}}]},"12":{"line":150,"type":"if","locations":[{"start":{"line":150,"column":3},"end":{"line":150,"column":3}},{"start":{"line":150,"column":3},"end":{"line":150,"column":3}}]},"13":{"line":154,"type":"if","locations":[{"start":{"line":154,"column":5},"end":{"line":154,"column":5}},{"start":{"line":154,"column":5},"end":{"line":154,"column":5}}]},"14":{"line":171,"type":"if","locations":[{"start":{"line":171,"column":2},"end":{"line":171,"column":2}},{"start":{"line":171,"column":2},"end":{"line":171,"column":2}}]},"15":{"line":216,"type":"if","locations":[{"start":{"line":216,"column":1},"end":{"line":216,"column":1}},{"start":{"line":216,"column":1},"end":{"line":216,"column":1}}]},"16":{"line":216,"type":"binary-expr","locations":[{"start":{"line":216,"column":4},"end":{"line":216,"column":24}},{"start":{"line":216,"column":28},"end":{"line":216,"column":48}}]},"17":{"line":220,"type":"if","locations":[{"start":{"line":220,"column":2},"end":{"line":220,"column":2}},{"start":{"line":220,"column":2},"end":{"line":220,"column":2}}]},"18":{"line":220,"type":"binary-expr","locations":[{"start":{"line":220,"column":5},"end":{"line":220,"column":24}},{"start":{"line":220,"column":28},"end":{"line":220,"column":48}}]},"19":{"line":222,"type":"if","locations":[{"start":{"line":222,"column":4},"end":{"line":222,"column":4}},{"start":{"line":222,"column":4},"end":{"line":222,"column":4}}]},"20":{"line":230,"type":"if","locations":[{"start":{"line":230,"column":7},"end":{"line":230,"column":7}},{"start":{"line":230,"column":7},"end":{"line":230,"column":7}}]},"21":{"line":230,"type":"binary-expr","locations":[{"start":{"line":230,"column":10},"end":{"line":230,"column":30}},{"start":{"line":230,"column":34},"end":{"line":230,"column":53}}]},"22":{"line":234,"type":"if","locations":[{"start":{"line":234,"column":3},"end":{"line":234,"column":3}},{"start":{"line":234,"column":3},"end":{"line":234,"column":3}}]},"23":{"line":234,"type":"binary-expr","locations":[{"start":{"line":234,"column":6},"end":{"line":234,"column":28}},{"start":{"line":234,"column":32},"end":{"line":234,"column":55}}]},"24":{"line":235,"type":"if","locations":[{"start":{"line":235,"column":4},"end":{"line":235,"column":4}},{"start":{"line":235,"column":4},"end":{"line":235,"column":4}}]},"25":{"line":241,"type":"if","locations":[{"start":{"line":241,"column":5},"end":{"line":241,"column":5}},{"start":{"line":241,"column":5},"end":{"line":241,"column":5}}]},"26":{"line":253,"type":"if","locations":[{"start":{"line":253,"column":4},"end":{"line":253,"column":4}},{"start":{"line":253,"column":4},"end":{"line":253,"column":4}}]},"27":{"line":253,"type":"binary-expr","locations":[{"start":{"line":253,"column":21},"end":{"line":253,"column":28}},{"start":{"line":253,"column":32},"end":{"line":253,"column":54}}]},"28":{"line":254,"type":"if","locations":[{"start":{"line":254,"column":5},"end":{"line":254,"column":5}},{"start":{"line":254,"column":5},"end":{"line":254,"column":5}}]},"29":{"line":264,"type":"if","locations":[{"start":{"line":264,"column":5},"end":{"line":264,"column":5}},{"start":{"line":264,"column":5},"end":{"line":264,"column":5}}]},"30":{"line":281,"type":"if","locations":[{"start":{"line":281,"column":1},"end":{"line":281,"column":1}},{"start":{"line":281,"column":1},"end":{"line":281,"column":1}}]},"31":{"line":281,"type":"binary-expr","locations":[{"start":{"line":281,"column":4},"end":{"line":281,"column":24}},{"start":{"line":281,"column":28},"end":{"line":281,"column":48}}]},"32":{"line":285,"type":"if","locations":[{"start":{"line":285,"column":2},"end":{"line":285,"column":2}},{"start":{"line":285,"column":2},"end":{"line":285,"column":2}}]},"33":{"line":286,"type":"if","locations":[{"start":{"line":286,"column":3},"end":{"line":286,"column":3}},{"start":{"line":286,"column":3},"end":{"line":286,"column":3}}]},"34":{"line":300,"type":"if","locations":[{"start":{"line":300,"column":2},"end":{"line":300,"column":2}},{"start":{"line":300,"column":2},"end":{"line":300,"column":2}}]},"35":{"line":300,"type":"binary-expr","locations":[{"start":{"line":300,"column":5},"end":{"line":300,"column":24}},{"start":{"line":300,"column":28},"end":{"line":300,"column":48}}]},"36":{"line":306,"type":"if","locations":[{"start":{"line":306,"column":7},"end":{"line":306,"column":7}},{"start":{"line":306,"column":7},"end":{"line":306,"column":7}}]},"37":{"line":306,"type":"binary-expr","locations":[{"start":{"line":306,"column":10},"end":{"line":306,"column":29}},{"start":{"line":306,"column":33},"end":{"line":306,"column":53}}]},"38":{"line":310,"type":"if","locations":[{"start":{"line":310,"column":3},"end":{"line":310,"column":3}},{"start":{"line":310,"column":3},"end":{"line":310,"column":3}}]},"39":{"line":312,"type":"if","locations":[{"start":{"line":312,"column":4},"end":{"line":312,"column":4}},{"start":{"line":312,"column":4},"end":{"line":312,"column":4}}]},"40":{"line":312,"type":"binary-expr","locations":[{"start":{"line":312,"column":7},"end":{"line":312,"column":29}},{"start":{"line":312,"column":33},"end":{"line":312,"column":55}}]}}}}